0 info it worked if it ends with ok
1 verbose cli [ 'c:\\Program Files (x86)\\nodejs\\node.exe',
1 verbose cli   'c:\\Program Files (x86)\\nodejs\\node_modules\\npm\\bin\\npm-cli.js',
1 verbose cli   'install',
1 verbose cli   'http-server' ]
2 info using npm@1.1.45
3 info using node@v0.8.4
4 verbose config file C:\Users\thongsav\.npmrc
5 verbose config file c:\Program Files (x86)\nodejs\etc\npmrc
6 verbose config file c:\Program Files (x86)\nodejs\node_modules\npm\npmrc
7 verbose read json d:\Workspaces\Vizzies\vizzies\Vizzies\public_html\package.json
8 verbose read json d:\Workspaces\Vizzies\vizzies\Vizzies\public_html\package.json
9 verbose cache add [ 'http-server', null ]
10 silly cache add name=undefined spec="http-server" args=["http-server",null]
11 verbose parsed url { pathname: 'http-server',
11 verbose parsed url   path: 'http-server',
11 verbose parsed url   href: 'http-server' }
12 silly lockFile ed608307-http-server http-server
13 verbose lock http-server C:\Users\thongsav\AppData\Roaming\npm-cache\ed608307-http-server.lock
14 silly lockFile ed608307-http-server http-server
15 verbose addNamed [ 'http-server', '' ]
16 verbose addNamed [ null, '' ]
17 silly lockFile 550353c6-http-server http-server@
18 verbose lock http-server@ C:\Users\thongsav\AppData\Roaming\npm-cache\550353c6-http-server.lock
19 silly addNameRange { name: 'http-server', range: '', hasData: false }
20 verbose url raw http-server
21 verbose url resolving [ 'https://registry.npmjs.org/', './http-server' ]
22 verbose url resolved https://registry.npmjs.org/http-server
23 info retry registry request attempt 1 at 12:29:34
24 http GET https://registry.npmjs.org/http-server
25 info retry will retry, error on last attempt: Error: SSL Error: SELF_SIGNED_CERT_IN_CHAIN
26 info retry registry request attempt 2 at 12:29:44
27 http GET https://registry.npmjs.org/http-server
28 info retry will retry, error on last attempt: Error: SSL Error: SELF_SIGNED_CERT_IN_CHAIN
29 info retry registry request attempt 3 at 12:30:45
30 http GET https://registry.npmjs.org/http-server
31 silly lockFile 550353c6-http-server http-server@
32 error Error: SSL Error: SELF_SIGNED_CERT_IN_CHAIN
32 error     at ClientRequest.<anonymous> (c:\Program Files (x86)\nodejs\node_modules\npm\node_modules\request\main.js:440:26)
32 error     at ClientRequest.g (events.js:185:14)
32 error     at ClientRequest.EventEmitter.emit (events.js:88:17)
32 error     at HTTPParser.parserOnIncomingClient [as onIncoming] (http.js:1445:7)
32 error     at HTTPParser.parserOnHeadersComplete [as onHeadersComplete] (http.js:111:23)
32 error     at CleartextStream.socketOnData [as ondata] (http.js:1356:20)
32 error     at CleartextStream.CryptoStream._push (tls.js:485:27)
32 error     at SecurePair.cycle (tls.js:839:20)
32 error     at EncryptedStream.CryptoStream.write (tls.js:220:13)
32 error     at Socket.ondata (stream.js:38:26)
33 error If you need help, you may report this log at:
33 error     <http://github.com/isaacs/npm/issues>
33 error or email it to:
33 error     <npm-@googlegroups.com>
34 error System Windows_NT 6.1.7601
35 error command "c:\\Program Files (x86)\\nodejs\\node.exe" "c:\\Program Files (x86)\\nodejs\\node_modules\\npm\\bin\\npm-cli.js" "install" "http-server"
36 error cwd d:\Workspaces\Vizzies\vizzies\Vizzies\public_html
37 error node -v v0.8.4
38 error npm -v 1.1.45
39 verbose exit [ 1, true ]
